JvmtiExport can_access_local_variables 0
JvmtiExport can_hotswap_or_post_breakpoint 0
JvmtiExport can_post_on_exceptions 0
# 150 ciObject found
ciMethod java/lang/System arraycopy (Ljava/lang/Object;ILjava/lang/Object;II)V 4097 1 512 0 -1
ciMethod java/lang/Character toCodePoint (CC)I 0 0 1 0 -1
ciMethod java/lang/Character isJavaIdentifierPart (C)Z 457 1 57 0 -1
ciMethod java/lang/Character isJavaIdentifierPart (I)Z 2113 1 10665 0 -1
ciMethod java/lang/Character isIdentifierIgnorable (C)Z 0 0 1 0 -1
ciMethod com/sun/tools/javac/util/AbstractLog error (ILjava/lang/String;[Ljava/lang/Object;)V 0 0 1 0 -1
ciMethod com/sun/tools/javac/util/Names fromChars ([CII)Lcom/sun/tools/javac/util/Name; 4097 1 3682 0 0
ciMethod com/sun/tools/javac/util/Name$Table fromChars ([CII)Lcom/sun/tools/javac/util/Name; 0 0 1 0 -1
ciMethod com/sun/tools/javac/util/Name$Table hashValue ([BII)I 1521 18089 2417 0 -1
ciMethod com/sun/tools/javac/util/UnsharedNameTable fromChars ([CII)Lcom/sun/tools/javac/util/Name; 3449 1 4136 0 0
ciMethod com/sun/tools/javac/util/UnsharedNameTable fromUtf ([BII)Lcom/sun/tools/javac/util/Name; 3185 9 4365 0 -1
ciMethod com/sun/tools/javac/util/UnsharedNameTable$NameImpl <init> (Lcom/sun/tools/javac/util/UnsharedNameTable;[BI)V 1849 1 831 0 -1
ciMethod com/sun/tools/javac/util/UnsharedNameTable$HashEntry <init> (Lcom/sun/tools/javac/util/UnsharedNameTable$NameImpl;)V 1849 1 831 0 -1
ciMethod com/sun/tools/javac/util/Convert chars2utf ([CI[BII)I 1289 16745 2435 0 576
ciMethodData com/sun/tools/javac/util/Convert chars2utf ([CI[BII)I 2 17208 orig 264 8 30 102 111 0 0 0 0 192 233 186 34 0 0 0 0 16 2 0 0 152 0 0 0 0 0 0 0 0 0 0 0 0 0 0 0 0 0 0 0 0 0 0 0 0 0 0 0 0 0 0 0 0 0 0 0 0 0 0 0 0 0 0 0 0 0 0 0 0 0 0 0 0 0 0 0 0 0 0 0 77 68 79 32 101 120 116 114 97 32 100 97 116 97 32 108 111 99 107 0 0 0 0 0 0 0 0 0 0 0 0 0 0 0 0 0 0 0 0 0 0 0 0 0 0 0 0 0 0 0 0 0 0 0 0 0 0 0 0 0 0 0 0 0 0 0 0 0 0 0 0 0 0 0 0 0 0 0 0 0 0 0 0 0 0 0 0 0 0 0 0 0 0 0 0 0 0 0 0 0 0 0 0 0 0 0 0 0 0 0 0 0 0 0 0 0 0 0 0 0 0 0 0 0 0 0 0 0 0 0 0 0 0 0 0 0 45 8 0 0 17 71 0 0 89 216 1 0 0 0 0 0 0 0 0 0 2 0 0 0 1 0 14 0 2 0 0 0 200 0 0 0 255 255 255 255 7 0 16 0 0 0 0 0 data 25 0x100007 0x8e2 0xc8 0x3b0b 0x1c0007 0x0 0x58 0x3b0b 0x230007 0x0 0x38 0x3b0b 0x300003 0x3b0b 0x50 0x380007 0x0 0x38 0x0 0x5d0003 0x0 0x18 0x990003 0x3b0b 0xffffffffffffff50 oops 0
ciMethod com/sun/tools/javac/parser/Tokens lookupKind (Lcom/sun/tools/javac/util/Name;)Lcom/sun/tools/javac/parser/Tokens$TokenKind; 4097 1 3702 0 -1
ciMethodData com/sun/tools/javac/util/UnsharedNameTable fromChars ([CII)Lcom/sun/tools/javac/util/Name; 2 4136 orig 264 8 30 102 111 0 0 0 0 40 155 186 34 0 0 0 0 160 1 0 0 0 0 0 0 0 0 0 0 0 0 0 0 0 0 0 0 0 0 0 0 0 0 0 0 0 0 0 0 0 0 0 0 0 0 0 0 0 0 0 0 0 0 0 0 0 0 0 0 0 0 0 0 0 0 0 0 0 0 0 0 77 68 79 32 101 120 116 114 97 32 100 97 116 97 32 108 111 99 107 0 0 0 0 0 0 0 0 0 0 0 0 0 0 0 0 0 0 0 0 0 0 0 0 0 0 0 0 0 0 0 0 0 0 0 0 0 0 0 0 0 0 0 0 0 0 0 0 0 0 0 0 0 0 0 0 0 0 0 0 0 0 0 0 0 0 0 0 0 0 0 0 0 0 0 0 0 0 0 0 0 0 0 0 0 0 0 0 0 0 0 0 0 0 0 0 0 0 0 0 0 0 0 0 0 0 0 0 0 0 0 0 0 0 0 0 0 175 1 0 0 201 115 0 0 1 0 0 0 0 0 0 0 0 0 0 0 2 0 0 0 0 0 3 0 2 0 0 0 64 0 0 0 255 255 255 255 2 0 13 0 0 0 0 0 data 8 0xd0002 0xe79 0x180005 0x0 0x1cf8e5f0 0xe79 0x0 0x0 oops 1 4 com/sun/tools/javac/util/UnsharedNameTable
ciMethod com/sun/tools/javac/parser/JavaTokenizer scanIdent ()V 4097 23025 3094 0 -1
ciMethod com/sun/tools/javac/parser/UnicodeReader scanChar ()V 2401 1 7133 0 160
ciMethod com/sun/tools/javac/parser/UnicodeReader putChar (CZ)V 2257 1 6364 0 320
ciMethod com/sun/tools/javac/parser/UnicodeReader putChar (C)V 0 0 33 0 -1
ciMethod com/sun/tools/javac/parser/UnicodeReader putChar (Z)V 2257 1 16332 0 320
ciMethod com/sun/tools/javac/parser/UnicodeReader name ()Lcom/sun/tools/javac/util/Name; 4097 1 3682 0 0
ciMethod com/sun/tools/javac/parser/UnicodeReader convertUnicode ()V 0 0 23 0 0
ciMethod com/sun/tools/javac/parser/UnicodeReader scanSurrogates ()C 0 0 1 0 -1
ciMethod com/sun/tools/javac/parser/UnicodeReader digit (II)I 33 1 200 0 -1
ciMethod com/sun/tools/javac/util/ArrayUtils calculateNewLength (II)I 0 0 1 0 -1
ciMethod com/sun/tools/javac/util/ArrayUtils ensureCapacity ([CI)[C 2425 1 6364 0 0
ciMethodData com/sun/tools/javac/parser/UnicodeReader scanChar ()V 2 7133 orig 264 8 30 102 111 0 0 0 0 104 65 221 34 0 0 0 0 184 1 0 0 0 0 0 0 0 0 0 0 0 0 0 0 0 0 0 0 0 0 0 0 0 0 0 0 0 0 0 0 0 0 0 0 0 0 0 0 0 0 0 0 0 0 0 0 0 0 0 0 0 0 0 0 0 0 0 0 0 0 0 0 77 68 79 32 101 120 116 114 97 32 100 97 116 97 32 108 111 99 107 0 0 0 0 0 0 0 0 0 0 0 0 0 0 0 0 0 0 0 0 0 0 0 0 0 0 0 0 0 0 0 0 0 0 0 0 0 0 0 0 0 0 0 0 0 0 0 0 0 0 0 0 0 0 0 0 0 0 0 0 0 0 0 0 0 0 0 0 0 0 0 0 0 0 0 0 0 0 0 0 0 0 0 0 0 0 0 0 0 0 0 0 0 0 0 0 0 0 0 0 0 0 0 0 0 0 0 0 0 0 0 0 0 0 0 0 0 44 1 0 0 137 213 0 0 1 0 0 0 0 0 0 0 0 0 0 0 2 0 0 0 0 0 8 0 2 0 0 0 112 0 0 0 255 255 255 255 7 0 8 0 0 0 0 0 data 14 0x80007 0x0 0x70 0x1ab1 0x250007 0x1a9a 0x50 0x17 0x290005 0x0 0x1c88fe70 0x17 0x0 0x0 oops 1 10 com/sun/tools/javac/parser/UnicodeReader
ciMethodData com/sun/tools/javac/parser/UnicodeReader putChar (Z)V 2 16332 orig 264 8 30 102 111 0 0 0 0 96 68 221 34 0 0 0 0 128 1 0 0 0 0 0 0 0 0 0 0 0 0 0 0 0 0 0 0 0 0 0 0 0 0 0 0 0 0 0 0 0 0 0 0 0 0 0 0 0 0 0 0 0 0 0 0 0 0 0 0 0 0 0 0 0 0 0 0 0 0 0 0 77 68 79 32 101 120 116 114 97 32 100 97 116 97 32 108 111 99 107 0 0 0 0 0 0 0 0 0 0 0 0 0 0 0 0 0 0 0 0 0 0 0 0 0 0 0 0 0 0 0 0 0 0 0 0 0 0 0 0 0 0 0 0 0 0 0 0 0 0 0 0 0 0 0 0 0 0 0 0 0 0 0 0 0 0 0 0 0 0 0 0 0 0 0 0 0 0 0 0 0 0 0 0 0 0 0 0 0 0 0 0 0 0 0 0 0 0 0 0 0 0 0 0 0 0 0 0 0 0 0 0 0 0 0 0 0 26 1 0 0 145 245 1 0 1 0 0 0 0 0 0 0 0 0 0 0 2 0 0 0 0 0 3 0 2 0 0 0 48 0 0 0 255 255 255 255 5 0 6 0 0 0 0 0 data 6 0x60005 0x0 0x1c88fe70 0x3eb2 0x0 0x0 oops 1 2 com/sun/tools/javac/parser/UnicodeReader
ciMethodData com/sun/tools/javac/parser/UnicodeReader putChar (CZ)V 2 6364 orig 264 8 30 102 111 0 0 0 0 24 67 221 34 0 0 0 0 184 1 0 0 0 0 0 0 0 0 0 0 0 0 0 0 0 0 0 0 0 0 0 0 0 0 0 0 0 0 0 0 0 0 0 0 0 0 0 0 0 0 0 0 0 0 0 0 0 0 0 0 0 0 0 0 0 0 0 0 0 0 0 0 77 68 79 32 101 120 116 114 97 32 100 97 116 97 32 108 111 99 107 0 0 0 0 0 0 0 0 0 0 0 0 0 0 0 0 0 0 0 0 0 0 0 0 0 0 0 0 0 0 0 0 0 0 0 0 0 0 0 0 0 0 0 0 0 0 0 0 0 0 0 0 0 0 0 0 0 0 0 0 0 0 0 0 0 0 0 0 0 0 0 0 0 0 0 0 0 0 0 0 0 0 0 0 0 0 0 0 0 0 0 0 0 0 0 0 0 0 0 0 0 0 0 0 0 0 0 0 0 0 0 0 0 0 0 0 0 26 1 0 0 17 190 0 0 1 0 0 0 0 0 0 0 0 0 0 0 2 0 0 0 1 0 13 0 2 0 0 0 96 0 0 0 255 255 255 255 2 0 9 0 0 0 0 0 data 12 0x90002 0x17c2 0x210007 0x54 0x50 0x176e 0x250005 0x0 0x1c88fe70 0x176e 0x0 0x0 oops 1 8 com/sun/tools/javac/parser/UnicodeReader
ciMethodData com/sun/tools/javac/util/ArrayUtils ensureCapacity ([CI)[C 2 6364 orig 264 8 30 102 111 0 0 0 0 208 238 222 34 0 0 0 0 144 1 0 0 0 0 0 0 0 0 0 0 0 0 0 0 0 0 0 0 0 0 0 0 0 0 0 0 0 0 0 0 0 0 0 0 0 0 0 0 0 0 0 0 0 0 0 0 0 0 0 0 0 0 0 0 0 0 0 0 0 0 0 0 77 68 79 32 101 120 116 114 97 32 100 97 116 97 32 108 111 99 107 0 0 0 0 0 0 0 0 0 0 0 0 0 0 0 0 0 0 0 0 0 0 0 0 0 0 0 0 0 0 0 0 0 0 0 0 0 0 0 0 0 0 0 0 0 0 0 0 0 0 0 0 0 0 0 0 0 0 0 0 0 0 0 0 0 0 0 0 0 0 0 0 0 0 0 0 0 0 0 0 0 0 0 0 0 0 0 0 0 0 0 0 0 0 0 0 0 0 0 0 0 0 0 0 0 0 0 0 0 0 0 0 0 0 0 0 0 47 1 0 0 105 189 0 0 1 0 0 0 0 0 0 0 0 0 0 0 2 0 0 0 0 0 0 0 0 0 0 0 64 0 0 0 255 255 255 255 7 0 3 0 0 0 0 0 data 8 0x30007 0x0 0x20 0x17ad 0xb0002 0x0 0x190002 0x0 oops 0
ciMethodData com/sun/tools/javac/parser/UnicodeReader name ()Lcom/sun/tools/javac/util/Name; 2 3682 orig 264 8 30 102 111 0 0 0 0 0 69 221 34 0 0 0 0 120 1 0 0 0 0 0 0 0 0 0 0 0 0 0 0 0 0 0 0 0 0 0 0 0 0 0 0 0 0 0 0 0 0 0 0 0 0 0 0 0 0 0 0 0 0 0 0 0 0 0 0 0 0 0 0 0 0 0 0 0 0 0 0 77 68 79 32 101 120 116 114 97 32 100 97 116 97 32 108 111 99 107 0 0 0 0 0 0 0 0 0 0 0 0 0 0 0 0 0 0 0 0 0 0 0 0 0 0 0 0 0 0 0 0 0 0 0 0 0 0 0 0 0 0 0 0 0 0 0 0 0 0 0 0 0 0 0 0 0 0 0 0 0 0 0 0 0 0 0 0 0 0 0 0 0 0 0 0 0 0 0 0 0 0 0 0 0 0 0 0 0 0 0 0 0 0 0 0 0 0 0 0 0 0 0 0 0 0 0 0 0 0 0 0 0 0 0 0 0 0 2 0 0 17 99 0 0 1 0 0 0 0 0 0 0 0 0 0 0 2 0 0 0 0 0 3 0 2 0 0 0 48 0 0 0 255 255 255 255 5 0 13 0 0 0 0 0 data 6 0xd0005 0x0 0x1cf8cf70 0xc62 0x0 0x0 oops 1 2 com/sun/tools/javac/util/Names
ciMethodData com/sun/tools/javac/util/Names fromChars ([CII)Lcom/sun/tools/javac/util/Name; 2 3682 orig 264 8 30 102 111 0 0 0 0 248 137 186 34 0 0 0 0 144 1 0 0 0 0 0 0 0 0 0 0 0 0 0 0 0 0 0 0 0 0 0 0 0 0 0 0 0 0 0 0 0 0 0 0 0 0 0 0 0 0 0 0 0 0 0 0 0 0 0 0 0 0 0 0 0 0 0 0 0 0 0 0 77 68 79 32 101 120 116 114 97 32 100 97 116 97 32 108 111 99 107 0 0 0 0 0 0 0 0 0 0 0 0 0 0 0 0 0 0 0 0 0 0 0 0 0 0 0 0 0 0 0 0 0 0 0 0 0 0 0 0 0 0 0 0 0 0 0 0 0 0 0 0 0 0 0 0 0 0 0 0 0 0 0 0 0 0 0 0 0 0 0 0 0 0 0 0 0 0 0 0 0 0 0 0 0 0 0 0 0 0 0 0 0 0 0 0 0 0 0 0 0 0 0 0 0 0 0 0 0 0 0 0 0 0 0 0 0 0 2 0 0 17 99 0 0 1 0 0 0 0 0 0 0 0 0 0 0 2 0 0 0 0 0 0 0 0 0 0 0 48 0 0 0 255 255 255 255 5 0 7 0 0 0 0 0 data 6 0x70005 0x0 0x1cf8e5f0 0xc62 0x0 0x0 oops 1 2 com/sun/tools/javac/util/UnsharedNameTable
ciMethodData com/sun/tools/javac/parser/JavaTokenizer scanIdent ()V 2 20280 orig 264 8 30 102 111 0 0 0 0 88 222 213 34 0 0 0 0 0 13 0 0 0 0 0 0 0 0 0 0 0 0 0 0 0 0 0 0 0 0 0 0 0 0 0 0 0 0 0 0 0 0 0 0 0 0 0 0 0 0 0 0 0 0 0 0 0 0 0 0 0 0 0 0 0 0 0 0 0 0 0 0 77 68 79 32 101 120 116 114 97 32 100 97 116 97 32 108 111 99 107 0 0 0 0 0 0 0 0 0 0 0 0 0 0 0 0 0 0 0 0 0 0 0 0 0 0 0 0 0 0 0 0 0 0 0 0 0 0 0 0 0 0 0 0 0 0 0 0 0 0 0 0 0 0 0 0 0 0 0 0 0 0 0 0 0 0 0 0 0 0 0 0 0 0 0 0 0 0 0 0 0 0 0 0 0 0 0 0 0 0 0 0 0 0 0 0 0 0 0 0 0 0 0 0 0 0 0 0 0 0 0 0 0 0 0 0 0 62 11 0 0 177 80 0 0 209 31 2 0 0 0 0 0 0 0 0 0 2 0 0 0 1 0 31 0 2 0 0 0 184 11 0 0 255 255 255 255 5 0 5 0 0 0 0 0 data 375 0x50005 0x0 0x1c88fe70 0xa16 0x0 0x0 0xf0008 0x102 0x0 0x948 0x0 0x838 0x0 0x838 0x0 0x838 0x0 0x838 0x0 0x838 0x0 0x838 0x0 0x838 0x0 0x838 0x0 0x838 0x0 0x948 0x0 0x948 0x0 0x948 0x0 0x948 0xe 0x948 0x0 0x838 0x0 0x838 0x0 0x838 0x0 0x838 0x0 0x838 0x0 0x838 0x0 0x838 0x0 0x838 0x0 0x838 0x0 0x838 0x0 0x838 0x0 0x838 0x0 0x880 0x0 0x838 0x0 0x948 0x0 0x948 0x0 0x948 0x0 0x948 0x164 0x948 0x0 0x948 0x0 0x948 0x0 0x948 0x0 0x820 0x0 0x948 0x0 0x948 0x0 0x948 0xf6 0x948 0x84 0x948 0x0 0x948 0x1 0x948 0x36 0x948 0x0 0x948 0x143 0x948 0x0 0x948 0x0 0x820 0x0 0x820 0x3 0x820 0x0 0x820 0x3 0x820 0x0 0x820 0x0 0x820 0x0 0x820 0x0 0x820 0x0 0x820 0x6 0x948 0x36 0x948 0xa 0x948 0x0 0x948 0x6 0x948 0x0 0x948 0x0 0x948 0x50 0x820 0x1f 0x820 0x72 0x820 0x14 0x820 0x2d 0x820 0x17 0x820 0x1c 0x820 0xc 0x820 0x57 0x820 0x0 0x820 0xa 0x820 0x50 0x820 0x29 0x820 0x25 0x820 0x27 0x820 0x1b 0x820 0x5 0x820 0x46 0x820 0x57 0x820 0x41 0x820 0x14 0x820 0x23 0x820 0x0 0x820 0x2 0x820 0x2 0x820 0x0 0x820 0x2 0x948 0x0 0x948 0x0 0x948 0x0 0x948 0x47 0x820 0x0 0x948 0x26b 0x820 0x4b 0x820 0x124 0x820 0x112 0x820 0x448 0x820 0x3c 0x820 0xaa 0x820 0x50 0x820 0x2a2 0x820 0x1 0x820 0x50 0x820 0x178 0x820 0x7b 0x820 0x27a 0x820 0x275 0x820 0xbf 0x820 0x12 0x820 0x1ff 0x820 0x145 0x820 0x399 0x820 0x105 0x820 0x71 0x820 0x6a 0x820 0x1f 0x820 0x58 0x820 0x6 0x820 0x0 0x948 0x0 0x948 0x0 0x948 0x0 0x948 0x0 0x838 0x21c0003 0x43ec 0x320 0x2230005 0x0 0x0 0x0 0x0 0x0 0x2260003 0x0 0xfffffffffffff798 0x2370007 0x0 0x80 0x0 0x23f0005 0x0 0x0 0x0 0x0 0x0 0x24e0005 0x0 0x0 0x0 0x0 0x0 0x2590005 0x0 0x0 0x0 0x0 0x0 0x25c0003 0x0 0xfffffffffffff6d0 0x2690007 0x0 0x38 0xa16 0x26e0003 0xa16 0x158 0x2780002 0x0 0x27b0007 0x0 0x68 0x0 0x2820005 0x0 0x0 0x0 0x0 0x0 0x2850003 0x0 0xfffffffffffff620 0x28c0005 0x0 0x0 0x0 0x0 0x0 0x2910007 0x0 0x88 0x0 0x2990005 0x0 0x0 0x0 0x0 0x0 0x2a40002 0x0 0x2a70002 0x0 0x2ab0003 0x0 0x28 0x2b50002 0x0 0x2ba0007 0x0 0x80 0xa16 0x2c20005 0x0 0x1c88fe70 0xa16 0x0 0x0 0x2d10005 0x0 0x1c88ff20 0xa16 0x0 0x0 0x2dd0005 0x0 0x1c88fe70 0x43ec 0x0 0x0 0x2e00003 0x43ec 0xfffffffffffff490 oops 4 2 com/sun/tools/javac/parser/UnicodeReader 356 com/sun/tools/javac/parser/UnicodeReader 362 com/sun/tools/javac/parser/Tokens 368 com/sun/tools/javac/parser/UnicodeReader
instanceKlass com/sun/tools/javac/parser/JavaTokenizer$BasicComment
instanceKlass com/sun/tools/javac/util/Position$LineMapImpl
instanceKlass com/sun/tools/javac/util/Position$LineMap
instanceKlass com/sun/tools/javac/util/Position
instanceKlass com/sun/tools/javac/tree/TreeInfo$2
instanceKlass com/sun/tools/javac/parser/JavacParser$2
instanceKlass com/sun/tools/javac/parser/JavaTokenizer$1
instanceKlass com/sun/tools/javac/util/ArrayUtils
instanceKlass com/sun/tools/javac/parser/JavacParser$1
instanceKlass com/sun/tools/javac/parser/JavacParser$AbstractEndPosTable
instanceKlass com/sun/tools/javac/parser/JavacParser$ErrorRecoveryAction
instanceKlass com/sun/tools/javac/tree/DocCommentTable
instanceKlass com/sun/tools/javac/tree/EndPosTable
instanceKlass com/sun/tools/javac/parser/JavacParser
instanceKlass com/sun/tools/javac/parser/UnicodeReader
instanceKlass sun/misc/FloatingDecimal$HexFloatPattern
instanceKlass com/sun/tools/javac/parser/Tokens$Comment
instanceKlass com/sun/tools/javac/parser/Scanner
instanceKlass com/sun/source/tree/LineMap
instanceKlass com/sun/tools/javac/util/BaseFileManager$ContentCacheEntry
instanceKlass com/sun/tools/javac/util/DiagnosticSource
instanceKlass com/sun/tools/javac/processing/JavacProcessingEnvironment$DiscoveredProcessors$ProcessorStateIterator
instanceKlass com/sun/tools/javac/processing/JavacProcessingEnvironment$DiscoveredProcessors
instanceKlass com/sun/tools/javac/util/ServiceLoader$1
instanceKlass com/sun/tools/javac/util/ServiceLoader$LazyIterator
instanceKlass com/sun/tools/javac/util/ServiceLoader
instanceKlass javax/annotation/processing/Processor
instanceKlass com/sun/tools/javac/processing/JavacProcessingEnvironment$ServiceIterator
instanceKlass com/sun/tools/javac/model/JavacTypes
instanceKlass com/sun/tools/javac/model/JavacElements
instanceKlass com/sun/tools/javac/processing/JavacMessager
instanceKlass com/sun/tools/javac/processing/JavacFiler
instanceKlass javax/annotation/processing/Filer
instanceKlass javax/annotation/processing/Messager
instanceKlass javax/annotation/processing/RoundEnvironment
instanceKlass com/sun/tools/javac/processing/JavacProcessingEnvironment
instanceKlass com/sun/tools/javac/util/ForwardingDiagnosticFormatter$ForwardingConfiguration
instanceKlass com/sun/tools/javac/code/Types$DefaultSymbolVisitor
instanceKlass com/sun/tools/javac/util/ForwardingDiagnosticFormatter
instanceKlass com/sun/tools/javac/util/StringUtils
instanceKlass com/sun/tools/javac/util/ListBuffer$1
instanceKlass com/sun/tools/javac/file/Locations$1
instanceKlass com/sun/tools/javac/api/MultiTaskListener
instanceKlass com/sun/tools/javac/comp/TransTypes$1
instanceKlass com/sun/tools/javac/jvm/Pool
instanceKlass com/sun/tools/javac/comp/Lower$TreeBuilder
instanceKlass com/sun/tools/javac/jvm/Items$Item
instanceKlass com/sun/tools/javac/jvm/Gen$GenFinalizer
instanceKlass com/sun/tools/javac/parser/JavaTokenizer
instanceKlass com/sun/tools/javac/parser/ScannerFactory
instanceKlass com/sun/tools/javac/parser/Tokens$Token
instanceKlass com/sun/tools/javac/parser/Tokens
instanceKlass com/sun/tools/javac/tree/DocTreeMaker
instanceKlass com/sun/tools/javac/parser/Lexer
instanceKlass com/sun/tools/javac/parser/ParserFactory
instanceKlass com/sun/tools/javac/jvm/JNIWriter
instanceKlass com/sun/tools/javac/code/Types$SignatureGenerator
instanceKlass com/sun/tools/javac/jvm/ClassWriter$AttributeWriter
instanceKlass com/sun/tools/javac/util/ByteBuffer
instanceKlass com/sun/tools/javac/jvm/ClassFile
instanceKlass com/sun/tools/javac/jvm/ClassReader$AttributeReader
instanceKlass com/sun/tools/javac/util/MandatoryWarningHandler
instanceKlass com/sun/tools/javac/tree/TreeInfo
instanceKlass com/sun/tools/javac/comp/DeferredAttr$4
instanceKlass com/sun/tools/javac/comp/DeferredAttr$3
instanceKlass com/sun/tools/javac/comp/DeferredAttr$2
instanceKlass com/sun/tools/javac/comp/DeferredAttr$DeferredAttrContext
instanceKlass com/sun/tools/javac/comp/DeferredAttr$DeferredStuckPolicy
instanceKlass com/sun/tools/javac/comp/DeferredAttr$DeferredTypeCompleter
instanceKlass com/sun/tools/javac/comp/Infer$GraphStrategy
instanceKlass com/sun/tools/javac/comp/Infer$InferenceContext
instanceKlass javax/lang/model/element/TypeParameterElement
instanceKlass com/sun/tools/javac/comp/Infer
instanceKlass com/sun/tools/javac/code/DeferredLintHandler$1
instanceKlass com/sun/tools/javac/code/DeferredLintHandler
instanceKlass com/sun/tools/javac/code/TypeAnnotations
instanceKlass com/sun/tools/javac/comp/TypeEnvs
instanceKlass com/sun/tools/javac/comp/ConstFold
instanceKlass javax/lang/model/element/AnnotationMirror
instanceKlass com/sun/tools/javac/comp/Annotate
instanceKlass com/sun/tools/javac/tree/TreeMaker$AnnotationBuilder
instanceKlass com/sun/tools/javac/tree/TreeMaker
instanceKlass com/sun/tools/javac/tree/JCTree$Factory
instanceKlass com/sun/tools/javac/comp/Env
instanceKlass com/sun/tools/javac/comp/Flow
instanceKlass com/sun/source/util/SimpleTreeVisitor
instanceKlass com/sun/tools/javac/comp/Attr$14
instanceKlass javax/lang/model/type/UnionType
instanceKlass com/sun/tools/javac/comp/Check$NestedCheckContext
instanceKlass com/sun/source/tree/IntersectionTypeTree
instanceKlass com/sun/source/tree/ModifiersTree
instanceKlass com/sun/source/tree/LiteralTree
instanceKlass com/sun/source/tree/ErroneousTree
instanceKlass com/sun/source/tree/ContinueTree
instanceKlass com/sun/source/tree/TryTree
instanceKlass com/sun/source/tree/BreakTree
instanceKlass com/sun/source/tree/CatchTree
instanceKlass com/sun/source/tree/CaseTree
instanceKlass com/sun/source/tree/BlockTree
instanceKlass com/sun/source/tree/ImportTree
instanceKlass com/sun/source/tree/UnaryTree
instanceKlass com/sun/source/tree/TypeCastTree
instanceKlass com/sun/source/tree/NewArrayTree
instanceKlass com/sun/source/tree/IfTree
instanceKlass com/sun/source/tree/BinaryTree
instanceKlass com/sun/source/tree/ThrowTree
instanceKlass com/sun/source/tree/AssertTree
instanceKlass com/sun/source/tree/ReturnTree
instanceKlass com/sun/source/tree/AnnotatedTypeTree
instanceKlass com/sun/source/tree/ParenthesizedTree
instanceKlass com/sun/source/tree/VariableTree
instanceKlass com/sun/source/tree/MethodInvocationTree
instanceKlass com/sun/source/tree/ConditionalExpressionTree
instanceKlass com/sun/source/tree/MemberReferenceTree
instanceKlass com/sun/source/tree/PrimitiveTypeTree
instanceKlass com/sun/source/tree/EnhancedForLoopTree
instanceKlass com/sun/source/tree/CompoundAssignmentTree
instanceKlass com/sun/source/tree/LabeledStatementTree
instanceKlass com/sun/source/tree/ArrayAccessTree
instanceKlass com/sun/source/tree/DoWhileLoopTree
instanceKlass com/sun/source/tree/UnionTypeTree
instanceKlass com/sun/source/tree/InstanceOfTree
instanceKlass com/sun/source/tree/LambdaExpressionTree
instanceKlass com/sun/source/tree/AssignmentTree
instanceKlass com/sun/source/tree/ArrayTypeTree
instanceKlass com/sun/source/tree/ParameterizedTypeTree
instanceKlass com/sun/source/tree/ExpressionStatementTree
instanceKlass com/sun/source/tree/EmptyStatementTree
instanceKlass com/sun/source/tree/TypeParameterTree
instanceKlass com/sun/source/tree/SynchronizedTree
instanceKlass com/sun/source/tree/SwitchTree
instanceKlass com/sun/source/tree/WhileLoopTree
instanceKlass com/sun/source/tree/ForLoopTree
instanceKlass com/sun/source/tree/WildcardTree
instanceKlass com/sun/tools/javac/api/Formattable$LocalizedString
instanceKlass com/sun/tools/javac/api/Formattable
instanceKlass com/sun/tools/javac/comp/Resolve$7
instanceKlass com/sun/tools/javac/comp/Resolve$6
instanceKlass com/sun/tools/javac/comp/Attr$ResultInfo
instanceKlass com/sun/tools/javac/comp/Resolve$AbstractMethodCheck
instanceKlass com/sun/tools/javac/comp/Resolve$2
instanceKlass com/sun/tools/javac/comp/Resolve$LookupHelper
instanceKlass com/sun/tools/javac/comp/Resolve$LogResolveHelper
instanceKlass com/sun/tools/javac/comp/Resolve$MethodCheck
instanceKlass com/sun/tools/javac/comp/Resolve
instanceKlass com/sun/tools/javac/comp/Check$6
instanceKlass com/sun/tools/javac/comp/Check$1
instanceKlass com/sun/source/tree/MethodTree
instanceKlass com/sun/source/tree/NewClassTree
instanceKlass com/sun/tools/javac/tree/JCTree$Visitor
instanceKlass com/sun/source/tree/AnnotationTree
instanceKlass com/sun/tools/javac/util/Warner
instanceKlass com/sun/tools/javac/code/DeferredLintHandler$LintLogger
instanceKlass com/sun/tools/javac/comp/Infer$FreeTypeListener
instanceKlass com/sun/tools/javac/comp/Check$CheckContext
instanceKlass com/sun/tools/javac/comp/Check
instanceKlass com/sun/tools/javac/code/Types$ImplementationCache
instanceKlass com/sun/tools/javac/code/Types$3
instanceKlass com/sun/tools/javac/code/Types$DescriptorCache$FunctionDescriptor
instanceKlass com/sun/tools/javac/util/JCDiagnostic
instanceKlass com/sun/tools/javac/code/Types$DescriptorCache
instanceKlass com/sun/tools/javac/code/Scope$ScopeListener
instanceKlass javax/lang/model/type/IntersectionType
instanceKlass com/sun/tools/javac/code/Type$Mapping
instanceKlass com/sun/tools/javac/code/Types$DefaultTypeVisitor
instanceKlass com/sun/tools/javac/code/Types
instanceKlass com/sun/tools/javac/code/Symtab$2
instanceKlass com/sun/tools/javac/code/Symtab$1
instanceKlass com/sun/tools/javac/code/Symbol$MethodSymbol$2
instanceKlass com/sun/tools/javac/code/Scope$2
instanceKlass com/sun/tools/javac/code/Scope$Entry
instanceKlass com/sun/tools/javac/util/Filter
instanceKlass com/sun/tools/javac/util/Assert
instanceKlass java/lang/annotation/Repeatable
instanceKlass javax/lang/model/type/NullType
instanceKlass com/sun/tools/javac/code/Symtab
instanceKlass com/sun/tools/javac/jvm/ClassReader$1
instanceKlass com/sun/tools/javac/comp/Annotate$Worker
instanceKlass com/sun/tools/javac/code/Attribute
instanceKlass javax/lang/model/element/AnnotationValue
instanceKlass javax/lang/model/type/NoType
instanceKlass javax/lang/model/type/ExecutableType
instanceKlass com/sun/tools/javac/code/Scope
instanceKlass com/sun/tools/javac/code/Symbol$Completer
instanceKlass com/sun/tools/javac/jvm/ClassReader
instanceKlass com/sun/tools/javac/util/Convert
instanceKlass com/sun/tools/javac/util/Name
instanceKlass javax/lang/model/element/Name
instanceKlass com/sun/tools/javac/util/Name$Table
instanceKlass com/sun/tools/javac/util/Names
instanceKlass com/sun/tools/javac/main/JavaCompiler$1
instanceKlass com/sun/source/tree/MemberSelectTree
instanceKlass com/sun/source/tree/IdentifierTree
instanceKlass com/sun/source/tree/ClassTree
instanceKlass com/sun/source/tree/StatementTree
instanceKlass javax/lang/model/element/PackageElement
instanceKlass javax/lang/model/element/TypeElement
instanceKlass javax/lang/model/element/QualifiedNameable
instanceKlass com/sun/source/tree/CompilationUnitTree
instanceKlass com/sun/tools/javac/jvm/ClassReader$SourceCompleter
instanceKlass com/sun/tools/javac/main/JavaCompiler
instanceKlass com/sun/tools/javac/file/CacheFSInfo$1
instanceKlass com/sun/tools/javac/main/CommandLine
instanceKlass com/sun/tools/javac/parser/Parser
instanceKlass com/sun/tools/javac/api/JavacTaskImpl$Filter
instanceKlass javax/lang/model/util/Elements
instanceKlass javax/lang/model/util/Types
instanceKlass javax/annotation/processing/ProcessingEnvironment
instanceKlass com/sun/tools/javac/main/Main
instanceKlass com/sun/source/util/TreeScanner
instanceKlass com/sun/source/tree/TreeVisitor
instanceKlass com/sun/tools/doclint/DocLint
instanceKlass com/sun/source/util/Plugin
instanceKlass com/sun/source/util/TaskListener
instanceKlass com/sun/tools/javac/api/ClientCodeWrapper
instanceKlass com/sun/tools/javac/file/BaseFileObject
instanceKlass com/sun/tools/javac/file/ZipFileIndexCache
instanceKlass com/sun/tools/javac/file/FSInfo
instanceKlass com/sun/tools/javac/code/Lint$AugmentVisitor
instanceKlass com/sun/tools/javac/code/Attribute$Visitor
instanceKlass java/util/concurrent/ConcurrentHashMap$MapEntry
instanceKlass com/sun/tools/javac/util/Log$1
instanceKlass javax/tools/DiagnosticListener
instanceKlass com/sun/tools/javac/util/JCDiagnostic$Factory$1
instanceKlass com/sun/tools/javac/util/Options
instanceKlass javax/lang/model/type/ErrorType
instanceKlass javax/lang/model/element/VariableElement
instanceKlass javax/lang/model/type/TypeVariable
instanceKlass javax/lang/model/type/PrimitiveType
instanceKlass javax/lang/model/type/DeclaredType
instanceKlass javax/lang/model/type/ArrayType
instanceKlass javax/lang/model/type/ReferenceType
instanceKlass javax/lang/model/type/WildcardType
instanceKlass javax/lang/model/type/TypeMirror
instanceKlass javax/lang/model/element/ExecutableElement
instanceKlass javax/lang/model/element/Parameterizable
instanceKlass com/sun/tools/javac/code/AnnoConstruct
instanceKlass javax/lang/model/element/Element
instanceKlass javax/lang/model/AnnotatedConstruct
instanceKlass com/sun/tools/javac/util/AbstractDiagnosticFormatter$SimpleConfiguration
instanceKlass com/sun/source/tree/ExpressionTree
instanceKlass com/sun/tools/javac/tree/JCTree
instanceKlass com/sun/source/tree/Tree
instanceKlass com/sun/tools/javac/api/DiagnosticFormatter$Configuration
instanceKlass com/sun/tools/javac/code/Printer
instanceKlass com/sun/tools/javac/code/Symbol$Visitor
instanceKlass com/sun/tools/javac/code/Type$Visitor
instanceKlass com/sun/tools/javac/util/AbstractDiagnosticFormatter
instanceKlass com/sun/tools/javac/util/List$3
instanceKlass com/sun/tools/javac/util/List$2
instanceKlass com/sun/tools/javac/util/JavacMessages
instanceKlass com/sun/tools/javac/api/Messages
instanceKlass com/sun/tools/javac/util/JCDiagnostic$Factory
instanceKlass com/sun/tools/javac/file/Locations$LocationHandler
instanceKlass com/sun/tools/javac/file/Locations
instanceKlass com/sun/tools/javac/util/BaseFileManager$ByteBufferCache
instanceKlass com/sun/tools/javac/code/Lint
instanceKlass javax/tools/JavaFileObject
instanceKlass javax/tools/FileObject
instanceKlass javax/tools/JavaFileManager$Location
instanceKlass com/sun/tools/javac/file/RelativePath
instanceKlass com/sun/tools/javac/file/JavacFileManager$Archive
instanceKlass com/sun/tools/javac/util/BaseFileManager
instanceKlass com/sun/tools/javac/util/Context$Factory
instanceKlass javax/tools/Diagnostic
instanceKlass com/sun/tools/javac/api/DiagnosticFormatter
instanceKlass com/sun/tools/javac/util/Log$DiagnosticHandler
instanceKlass com/sun/tools/javac/util/JCDiagnostic$DiagnosticPosition
instanceKlass com/sun/tools/javac/util/AbstractLog
instanceKlass com/sun/tools/javac/util/Context$Key
instanceKlass com/sun/tools/javac/util/Context
instanceKlass com/sun/tools/javac/main/OptionHelper
instanceKlass com/sun/source/util/JavacTask
instanceKlass javax/tools/JavaCompiler$CompilationTask
instanceKlass javax/tools/StandardJavaFileManager
instanceKlass javax/tools/JavaFileManager
instanceKlass com/sun/tools/javac/api/JavacTool
instanceKlass org/gradle/internal/jvm/JdkTools
instanceKlass org/gradle/api/internal/tasks/compile/JavaCompilerArgumentsBuilder
instanceKlass org/gradle/internal/Transformers$ToStringTransformer
instanceKlass org/gradle/api/internal/tasks/compile/NormalizingJavaCompiler$1
instanceKlass org/gradle/api/internal/tasks/SimpleWorkResult
instanceKlass org/gradle/api/internal/file/delete/DefaultDeleteSpec
instanceKlass org/gradle/api/internal/file/delete/Deleter$1
instanceKlass org/gradle/api/internal/tasks/compile/incremental/RecompilationSpecProvider$InputChangeAction
instanceKlass org/gradle/api/internal/tasks/compile/incremental/jar/JarChangeProcessor
instanceKlass org/gradle/api/internal/tasks/compile/incremental/ClassChangeProcessor
instanceKlass org/gradle/api/internal/tasks/compile/incremental/JavaChangeProcessor
instanceKlass org/gradle/api/internal/tasks/compile/incremental/recomp/RecompilationSpec
instanceKlass org/gradle/api/internal/tasks/compile/incremental/jar/JarClasspathSnapshot
instanceKlass org/gradle/api/internal/tasks/compile/incremental/jar/JarClasspathSnapshotData
instanceKlass org/gradle/api/internal/tasks/compile/incremental/jar/JarSnapshotData
instanceKlass org/gradle/api/internal/cache/MinimalPersistentCache$1
instanceKlass org/gradle/api/internal/tasks/compile/incremental/jar/DefaultJarSnapshotCache$2
instanceKlass org/gradle/api/internal/tasks/compile/incremental/jar/JarSnapshot
instanceKlass org/gradle/api/internal/tasks/compile/incremental/jar/CachingJarSnapshotter$1
instanceKlass org/gradle/api/internal/file/archive/ZipFileTree
instanceKlass org/gradle/api/internal/file/collections/FileSystemMirroringFileTree
instanceKlass org/gradle/api/internal/tasks/compile/incremental/jar/JarArchive
instanceKlass org/gradle/api/internal/tasks/compile/incremental/IncrementalCompilationFinalizer
instanceKlass org/gradle/api/internal/tasks/compile/incremental/SelectiveCompiler
instanceKlass org/gradle/api/internal/tasks/compile/incremental/deps/ClassSetAnalysis
instanceKlass org/gradle/api/internal/tasks/compile/incremental/jar/PreviousCompilation
instanceKlass org/gradle/cache/internal/DefaultMultiProcessSafePersistentIndexedCache$4
instanceKlass org/gradle/api/internal/tasks/compile/incremental/deps/DefaultDependentsSet
instanceKlass org/gradle/api/internal/tasks/compile/incremental/deps/ClassSetAnalysisData
instanceKlass org/gradle/api/internal/tasks/compile/incremental/IncrementalCompilationInitializer
instanceKlass org/gradle/api/internal/tasks/compile/incremental/deps/LocalClassSetAnalysisStore
instanceKlass org/gradle/api/internal/cache/Loader
instanceKlass org/gradle/api/internal/tasks/compile/incremental/ClassSetAnalysisUpdater
instanceKlass org/gradle/api/internal/tasks/compile/incremental/RecompilationSpecProvider
instanceKlass org/gradle/api/internal/tasks/compile/incremental/SourceToNameConverter
instanceKlass org/gradle/api/internal/tasks/compile/incremental/IncrementalCompilerDecorator
instanceKlass org/gradle/api/internal/tasks/compile/incremental/CompilationSourceDirs
instanceKlass org/gradle/api/internal/tasks/compile/incremental/jar/ClasspathJarFinder
instanceKlass org/gradle/api/internal/tasks/compile/incremental/jar/JarClasspathSnapshotFactory
instanceKlass org/gradle/api/internal/tasks/compile/incremental/jar/JarClasspathSnapshotDataSerializer
instanceKlass org/gradle/api/internal/cache/SingleOperationPersistentStore
instanceKlass org/gradle/api/internal/tasks/compile/incremental/jar/LocalJarClasspathSnapshotStore
instanceKlass org/gradle/api/internal/tasks/compile/incremental/jar/JarClasspathSnapshotMaker
instanceKlass org/gradle/api/internal/tasks/compile/incremental/jar/JarClasspathSnapshotWriter
instanceKlass org/gradle/api/internal/tasks/compile/incremental/jar/JarClasspathSnapshotProvider
instanceKlass org/gradle/api/internal/tasks/compile/incremental/jar/DefaultJarSnapshotter
instanceKlass org/gradle/api/internal/tasks/compile/incremental/jar/CachingJarSnapshotter
instanceKlass org/gradle/api/internal/tasks/compile/incremental/analyzer/DefaultClassDependenciesAnalyzer
instanceKlass org/gradle/api/internal/tasks/compile/incremental/analyzer/CachingClassDependenciesAnalyzer
instanceKlass org/gradle/language/base/internal/tasks/StaleClassCleaner
instanceKlass org/gradle/language/base/internal/compile/CompilerUtil
instanceKlass org/gradle/api/internal/tasks/compile/NormalizingJavaCompiler
instanceKlass org/gradle/api/internal/tasks/compile/JdkJavaCompiler
instanceKlass org/gradle/api/internal/tasks/DefaultJavaToolChain$JavaToolProvider
instanceKlass org/gradle/jvm/platform/internal/DefaultJavaPlatform
instanceKlass org/gradle/api/internal/cache/Stash
instanceKlass org/gradle/api/internal/tasks/compile/incremental/jar/JarSnapshotter
instanceKlass org/gradle/api/internal/tasks/compile/incremental/analyzer/ClassDependenciesAnalyzer
instanceKlass org/gradle/api/internal/tasks/compile/incremental/IncrementalCompilerFactory
instanceKlass org/gradle/api/tasks/compile/JavaCompile$1
instanceKlass org/gradle/api/internal/tasks/compile/incremental/cache/DefaultGeneralCompileCaches
instanceKlass org/gradle/api/internal/tasks/compile/incremental/deps/DependentsSet
instanceKlass org/gradle/api/internal/tasks/compile/incremental/deps/ClassSetAnalysisData$Serializer$DependentsSetSerializer
instanceKlass org/gradle/api/internal/tasks/compile/incremental/deps/ClassSetAnalysisData$Serializer
instanceKlass org/gradle/api/internal/tasks/compile/incremental/jar/JarSnapshotDataSerializer
instanceKlass org/gradle/api/internal/tasks/compile/incremental/jar/DefaultJarSnapshotCache
instanceKlass org/apache/commons/lang/WordUtils
instanceKlass org/gradle/api/internal/tasks/compile/incremental/analyzer/ClassAnalysisSerializer
instanceKlass org/gradle/api/internal/cache/MinimalPersistentCache
instanceKlass org/gradle/api/internal/tasks/compile/ForkingJavaCompileSpec
instanceKlass org/gradle/api/internal/tasks/compile/CommandLineJavaCompileSpec
instanceKlass org/gradle/api/internal/tasks/compile/AbstractJavaCompileSpecFactory
instanceKlass org/gradle/api/internal/changedetection/rules/FileChange
instanceKlass com/google/common/collect/StandardTable$Row$RowEntrySet$1
instanceKlass com/google/common/collect/StandardTable$RowMap$EntrySet$1
instanceKlass com/google/common/collect/Tables$AbstractCell
instanceKlass com/google/common/collect/Tables$1
instanceKlass com/google/common/collect/RowSortedTable
instanceKlass com/google/common/collect/Table$Cell
instanceKlass com/google/common/collect/Tables
instanceKlass com/google/common/collect/StandardTable$CellIterator
instanceKlass com/android/builder/internal/SymbolWriter
instanceKlass com/android/builder/internal/SymbolLoader$SymbolEntry
instanceKlass com/google/common/collect/HashBasedTable$Factory
instanceKlass com/google/common/collect/AbstractTable
instanceKlass com/google/common/io/Files$1
instanceKlass com/google/common/collect/Table
instanceKlass com/android/builder/internal/SymbolLoader
instanceKlass com/sun/org/apache/xml/internal/utils/XMLString
instanceKlass com/sun/org/apache/xalan/internal/utils/FactoryImpl
instanceKlass com/android/build/gradle/internal/process/GradleProcessResult
instanceKlass com/google/common/io/CharStreams
instanceKlass com/android/ide/common/process/TeeProcessOutputHandler$TeeProcessOutput$$Lambda$172
instanceKlass org/gradle/process/internal/DefaultExecHandle$ExecResultImpl
instanceKlass com/android/ide/common/process/TeeProcessOutputHandler$TeeProcessOutput$1$$Lambda$171
instanceKlass org/gradle/process/internal/shutdown/ShutdownHookActionRegister$GradleShutdownHook
instanceKlass org/gradle/process/internal/shutdown/ShutdownHookActionRegister
instanceKlass org/gradle/process/internal/streams/ExecOutputHandleRunner
instanceKlass org/gradle/util/DisconnectableInputStream$1
instanceKlass org/gradle/util/DisconnectableInputStream$ThreadExecuter
instanceKlass net/rubygrapefruit/platform/internal/jni/WindowsHandleFunctions
instanceKlass org/gradle/process/internal/ProcessBuilderFactory
instanceKlass org/gradle/process/internal/ExecHandleRunner
instanceKlass org/gradle/process/internal/ExecHandleShutdownHookAction
instanceKlass net/rubygrapefruit/platform/internal/DefaultProcessLauncher
instanceKlass net/rubygrapefruit/platform/internal/WindowsProcessLauncher
instanceKlass net/rubygrapefruit/platform/internal/WrapperProcessLauncher
instanceKlass org/gradle/process/internal/DefaultExecHandle
instanceKlass org/gradle/process/internal/ProcessSettings
instanceKlass org/gradle/process/internal/streams/StreamsForwarder
instanceKlass com/android/ide/common/process/TeeProcessOutputHandler$TeeProcessOutput$$Lambda$169
instanceKlass com/android/ide/common/process/TeeProcessOutputHandler$TeeProcessOutput$$Lambda$168
instanceKlass com/android/build/gradle/internal/process/GradleProcessExecutor$ExecAction$$Lambda$167
instanceKlass org/gradle/process/internal/streams/SafeStreams
instanceKlass org/gradle/process/internal/ExecHandleListener
instanceKlass org/gradle/process/internal/ExecHandle
instanceKlass org/gradle/process/internal/streams/StreamsHandler
instanceKlass com/android/build/gradle/internal/process/GradleProcessExecutor$ExecAction
instanceKlass com/android/ide/common/process/TeeProcessOutputHandler$TeeProcessOutput
instanceKlass com/android/ide/common/process/BaseProcessOutputHandler$BaseProcessOutput
instanceKlass com/android/ide/common/process/TeeProcessOutputHandler$$Lambda$166
instanceKlass com/google/common/util/concurrent/ExecutionList$RunnableExecutorPair
instanceKlass com/google/common/util/concurrent/Futures$6
instanceKlass com/google/common/util/concurrent/ListeningScheduledExecutorService
instanceKlass com/google/common/util/concurrent/ListeningExecutorService
instanceKlass com/google/common/util/concurrent/MoreExecutors
instanceKlass com/google/common/util/concurrent/Futures$7
instanceKlass com/google/common/util/concurrent/Futures$4
instanceKlass com/google/common/util/concurrent/Futures$FutureCombiner
instanceKlass com/google/common/util/concurrent/CheckedFuture
instanceKlass com/google/common/util/concurrent/AsyncFunction
instanceKlass com/google/common/util/concurrent/Futures
instanceKlass com/android/builder/internal/aapt/AbstractProcessExecutionAapt$1
instanceKlass com/android/ide/common/process/ProcessInfoBuilder$ProcessInfoImpl
instanceKlass com/android/builder/internal/aapt/AaptUtils$1
instanceKlass com/android/builder/internal/aapt/AaptUtils
instanceKlass com/android/ide/common/process/JavaProcessInfo
instanceKlass com/android/ide/common/process/ProcessEnvBuilder
instanceKlass com/android/builder/internal/aapt/AaptPackageConfig
instanceKlass com/android/builder/internal/aapt/AaptPackageConfig$Builder
instanceKlass com/android/builder/tasks/WorkQueue
instanceKlass com/android/builder/png/QueuedCruncher$1
instanceKlass com/android/builder/tasks/Job
instanceKlass com/android/builder/tasks/Task
instanceKlass com/android/builder/tasks/QueueThreadContext
instanceKlass com/android/builder/png/QueuedCruncher
instanceKlass com/android/ide/common/internal/PngCruncher
instanceKlass com/google/common/util/concurrent/FutureCallback
instanceKlass com/android/builder/internal/aapt/AbstractAapt
instanceKlass com/android/build/gradle/internal/aapt/AaptGradleFactory$FilteringLogger
instanceKlass com/android/ide/common/process/TeeProcessOutputHandler
instanceKlass com/android/build/gradle/internal/aapt/AaptGradleFactory
instanceKlass com/android/ide/common/blame/MergingLogRewriter$1
instanceKlass com/android/ide/common/blame/MergingLogRewriter
instanceKlass com/android/ide/common/blame/parser/aapt/AbstractAaptOutputParser
instanceKlass com/android/ide/common/blame/parser/aapt/AaptOutputParser
instanceKlass com/android/ide/common/blame/parser/ToolOutputParser
instanceKlass com/android/ide/common/process/ProcessOutput
instanceKlass com/android/ide/common/process/BaseProcessOutputHandler
instanceKlass com/android/ide/common/blame/MergingLog
instanceKlass org/gradle/cache/internal/DefaultMultiProcessSafePersistentIndexedCache$3
instanceKlass org/gradle/api/internal/changedetection/state/CacheBackedTaskHistoryRepository$1$1
instanceKlass com/google/common/cache/RemovalNotification
instanceKlass com/google/common/io/CharSink
instanceKlass com/android/builder/core/AndroidBuilder$1
instanceKlass com/android/manifmerger/MergingReport
instanceKlass com/google/common/io/LineBuffer
instanceKlass com/google/common/io/LineReader
instanceKlass com/google/common/collect/ImmutableMultimap$Builder
instanceKlass com/android/ide/common/xml/XmlAttributeSortOrder$3
instanceKlass com/android/ide/common/xml/XmlPrettyPrinter
instanceKlass com/android/ide/common/xml/XmlAttributeSortOrder$2
instanceKlass com/android/ide/common/xml/XmlAttributeSortOrder$1
instanceKlass com/android/ide/common/xml/XmlFormatPreferences
instanceKlass com/android/manifmerger/ToolsInstructionsCleaner
instanceKlass com/android/manifmerger/PostValidator$1
instanceKlass com/android/manifmerger/Actions
instanceKlass com/android/manifmerger/PostValidator
instanceKlass java/util/TreeMap$NavigableSubMap$SubMapIterator
instanceKlass java/util/Collections$ReverseComparator
instanceKlass com/android/manifmerger/ElementsTrimmer
instanceKlass com/android/manifmerger/XmlElement$1
instanceKlass com/android/manifmerger/PreValidator
instanceKlass com/sun/org/apache/xerces/internal/dom/DeepNodeListImpl
instanceKlass com/android/manifmerger/Selector
instanceKlass com/android/manifmerger/Actions$DecisionTreeRecord
instanceKlass com/android/manifmerger/ConvertibleName
instanceKlass com/android/manifmerger/Actions$Record
instanceKlass com/android/manifmerger/XmlNode$NodeKey
instanceKlass com/android/manifmerger/XmlNode$Name
instanceKlass com/android/utils/SdkUtils
instanceKlass com/android/manifmerger/AttributeModel$Hexadecimal32Bits
instanceKlass com/android/manifmerger/ManifestModel$TwoAttributesBasedKeyResolver
instanceKlass com/android/manifmerger/AttributeModel$MultiValueValidator
instanceKlass com/android/manifmerger/XmlNode$NamespaceAwareName
instanceKlass com/android/manifmerger/AttributeModel$3
instanceKlass com/android/manifmerger/AttributeModel$2
instanceKlass com/android/manifmerger/AttributeModel$1
instanceKlass com/android/manifmerger/AttributeModel$MergingPolicy
instanceKlass com/android/manifmerger/AttributeModel
instanceKlass com/android/manifmerger/AttributeModel$Builder
instanceKlass com/android/manifmerger/AttributeModel$BooleanValidator
instanceKlass com/android/manifmerger/ManifestModel$2
instanceKlass com/android/manifmerger/ManifestModel$1
instanceKlass com/android/manifmerger/ManifestModel$NoKeyNodeResolver
instanceKlass com/android/manifmerger/ManifestModel$AttributeBasedNodeKeyResolver
instanceKlass com/android/manifmerger/ManifestModel
instanceKlass com/android/manifmerger/AttributeModel$Validator
instanceKlass com/android/manifmerger/ManifestModel$NodeKeyResolver
instanceKlass com/android/manifmerger/XmlNode$1
instanceKlass com/android/manifmerger/XmlNode$NodeName
instanceKlass com/android/manifmerger/XmlNode
instanceKlass com/android/manifmerger/XmlDocument
instanceKlass com/android/utils/PositionXmlParser$Position
instanceKlass com/sun/org/apache/xerces/internal/util/EntityResolver2Wrapper
instanceKlass com/sun/org/apache/xerces/internal/dom/ParentNode$UserDataRecord
instanceKlass org/xml/sax/ext/DeclHandler
instanceKlass org/xml/sax/ext/LexicalHandler
instanceKlass com/android/utils/PositionXmlParser
instanceKlass com/android/manifmerger/XmlLoader
instanceKlass com/android/manifmerger/ManifestMerger2$SelectorResolver
instanceKlass com/android/manifmerger/ActionRecorder
instanceKlass com/android/manifmerger/MergingReport$Builder
instanceKlass com/google/common/base/Optional
instanceKlass com/android/manifmerger/ManifestMerger2$MapBasedKeyBasedValueResolver
instanceKlass com/android/manifmerger/ManifestMerger2$FileStreamProvider
instanceKlass com/android/manifmerger/ManifestMerger2$AutoAddingProperty
instanceKlass com/android/utils/Pair
instanceKlass com/android/manifmerger/ManifestMerger2$Invoker
instanceKlass com/android/manifmerger/PlaceholderHandler$KeyBasedValueResolver
instanceKlass com/android/manifmerger/ManifestMerger2$ManifestInfo
instanceKlass com/android/manifmerger/KeyResolver
instanceKlass com/android/manifmerger/ManifestMerger2
instanceKlass org/gradle/api/internal/changedetection/state/FileCollectionSnapshotImpl$1
instanceKlass org/gradle/api/internal/changedetection/changes/StatefulIncrementalTaskInputs
instanceKlass org/gradle/api/internal/changedetection/changes/IncrementalTaskInputsInternal
instanceKlass org/gradle/api/internal/changedetection/changes/DiscoveredInputRecorder
instanceKlass org/gradle/api/internal/changedetection/rules/DescriptiveChange
instanceKlass org/gradle/internal/typeconversion/NotationConverterToNotationParserAdapter$1
instanceKlass com/android/build/gradle/tasks/MergeManifests$$Lambda$165
instanceKlass com/android/build/gradle/tasks/ManifestProcessorTask$1
instanceKlass org/gradle/api/internal/changedetection/state/OutputFilesCollectionSnapshotter$OutputFilesSnapshot$1
instanceKlass org/gradle/api/internal/changedetection/state/OutputFilesCollectionSnapshotter$OutputFilesSnapshot$2
instanceKlass org/gradle/api/internal/changedetection/state/CacheBackedTaskHistoryRepository$LazyTaskExecution$3
instanceKlass com/android/manifmerger/PlaceholderHandler
instanceKlass com/sun/org/apache/xml/internal/utils/XMLCharacterRecognizer
instanceKlass com/sun/org/apache/xml/internal/dtm/ref/DTMNodeIterator
instanceKlass com/sun/org/apache/xml/internal/dtm/DTMAxisTraverser
instanceKlass com/sun/org/apache/xml/internal/dtm/Axis
instanceKlass com/sun/org/apache/xpath/internal/objects/Comparator
instanceKlass com/sun/org/apache/xml/internal/dtm/ref/dom2dtm/DOM2DTMdefaultNamespaceDeclarationNode
instanceKlass com/sun/org/apache/xml/internal/utils/NSInfo
instanceKlass com/sun/org/apache/xml/internal/utils/DOMHelper
instanceKlass com/sun/org/apache/xml/internal/utils/TreeWalker
instanceKlass com/sun/org/apache/xml/internal/utils/SuballocatedIntVector
instanceKlass com/sun/org/apache/xml/internal/dtm/ref/DTMDefaultBase
instanceKlass javax/xml/transform/dom/DOMSource
instanceKlass com/sun/org/apache/xml/internal/dtm/ref/DTMNodeProxy
instanceKlass com/sun/org/apache/xml/internal/dtm/ref/ExpandedNameTable$HashEntry
instanceKlass com/sun/org/apache/xml/internal/dtm/ref/ExtendedType
instanceKlass com/sun/org/apache/xml/internal/dtm/ref/ExpandedNameTable
instanceKlass com/sun/org/apache/xml/internal/dtm/DTM
instanceKlass com/sun/org/apache/xml/internal/utils/XMLStringFactory
instanceKlass com/sun/org/apache/xpath/internal/XPathContext$XPathExpressionContext
instanceKlass com/sun/org/apache/xalan/internal/extensions/ExpressionContext
instanceKlass com/sun/org/apache/xml/internal/utils/NodeVector
instanceKlass com/sun/org/apache/xpath/internal/SourceTreeManager
instanceKlass com/sun/org/apache/xpath/internal/VariableStack
instanceKlass com/sun/org/apache/xml/internal/utils/IntVector
instanceKlass com/sun/org/apache/xml/internal/dtm/DTMManager
instanceKlass com/sun/org/apache/xpath/internal/axes/IteratorPool
instanceKlass com/sun/org/apache/xpath/internal/axes/SubContextList
instanceKlass com/sun/org/apache/xpath/internal/axes/PathComponent
instanceKlass com/sun/org/apache/xml/internal/dtm/DTMIterator
instanceKlass com/sun/org/apache/xpath/internal/axes/WalkerFactory
instanceKlass com/sun/org/apache/xpath/internal/compiler/OpMapVector
instanceKlass com/sun/org/apache/xpath/internal/compiler/Lexer
instanceKlass com/sun/org/apache/xml/internal/utils/ObjectVector
instanceKlass com/sun/org/apache/xpath/internal/compiler/OpMap
instanceKlass com/sun/org/apache/xpath/internal/compiler/XPathParser
instanceKlass com/sun/org/apache/xml/internal/utils/DefaultErrorHandler
instanceKlass javax/xml/transform/ErrorListener
instanceKlass com/sun/org/apache/xpath/internal/Expression
instanceKlass com/sun/org/apache/xpath/internal/XPathVisitable
instanceKlass com/sun/org/apache/xpath/internal/ExpressionNode
instanceKlass javax/xml/transform/SourceLocator
instanceKlass com/sun/org/apache/xpath/internal/compiler/FunctionTable
instanceKlass com/sun/org/apache/xpath/internal/XPath
instanceKlass com/sun/org/apache/xpath/internal/ExpressionOwner
instanceKlass javax/xml/xpath/XPathConstants
instanceKlass com/sun/org/apache/xpath/internal/jaxp/JAXPPrefixResolver
instanceKlass com/sun/org/apache/xml/internal/utils/PrefixResolver
instanceKlass com/android/xml/AndroidXPathFactory$AndroidNamespaceContext
instanceKlass com/sun/org/apache/xpath/internal/jaxp/XPathImpl
instanceKlass javax/xml/xpath/XPath
instanceKlass com/sun/org/apache/xalan/internal/utils/SecuritySupport$9
instanceKlass com/sun/org/apache/xalan/internal/utils/SecuritySupport$4
instanceKlass com/sun/org/apache/xalan/internal/utils/SecuritySupport
instanceKlass com/sun/org/apache/xalan/internal/utils/FeaturePropertyBase
instanceKlass javax/xml/xpath/SecuritySupport$5
instanceKlass javax/xml/xpath/XPathFactoryFinder$2
instanceKlass javax/xml/xpath/SecuritySupport$8
instanceKlass javax/xml/xpath/SecuritySupport$2
instanceKlass javax/xml/xpath/XPathFactoryFinder
instanceKlass javax/xml/xpath/SecuritySupport$1
instanceKlass javax/xml/xpath/SecuritySupport
instanceKlass javax/xml/xpath/XPathFactory
instanceKlass com/android/xml/AndroidXPathFactory
instanceKlass com/android/xml/AndroidManifest
instanceKlass com/android/builder/core/DefaultManifestParser
instanceKlass org/gradle/api/internal/changedetection/state/DefaultVisitedTree$DefaultTreeSnapshot
instanceKlass org/gradle/api/internal/changedetection/state/DefaultVisitedTree$1
instanceKlass org/gradle/api/internal/changedetection/state/AbstractFileCollectionSnapshotter$1
instanceKlass org/gradle/api/internal/changedetection/state/FileHashSnapshot
instanceKlass org/gradle/api/internal/changedetection/state/FileSnapshotWithKey
instanceKlass org/gradle/api/internal/changedetection/state/CacheBackedTaskHistoryRepository$LazyTaskExecution$1
instanceKlass org/apache/commons/lang/builder/CompareToBuilder
instanceKlass org/gradle/api/internal/changedetection/rules/AbstractFileSnapshotTaskStateChanges$ChangeListenerAdapter
instanceKlass org/gradle/api/internal/changedetection/state/FileCollectionSnapshotImpl$2
instanceKlass org/gradle/api/internal/changedetection/rules/TaskStateChange
instanceKlass org/gradle/api/internal/changedetection/state/FilesSnapshotSet
instanceKlass org/gradle/api/internal/changedetection/state/FileCollectionSnapshot$ChangeIterator
instanceKlass org/gradle/api/internal/changedetection/state/StoredTreeSnapshot
instanceKlass org/gradle/api/internal/changedetection/state/CacheBackedTaskHistoryRepository$LazyTaskExecution$2
instanceKlass org/apache/commons/lang/ObjectUtils$Null
instanceKlass org/apache/commons/lang/exception/Nestable
instanceKlass org/apache/commons/lang/ObjectUtils
instanceKlass org/gradle/util/DiffUtil
instanceKlass org/gradle/api/internal/changedetection/rules/InputPropertiesTaskStateChanges$1
instanceKlass org/gradle/api/internal/changedetection/rules/SummaryTaskStateChanges
instanceKlass org/gradle/api/internal/file/collections/SingletonFileTree
instanceKlass org/gradle/api/internal/changedetection/rules/CachingTaskStateChanges
instanceKlass org/gradle/api/internal/file/FileTreeElementComparator
instanceKlass org/gradle/api/internal/file/FileTreeElementHasher
instanceKlass org/gradle/api/internal/changedetection/state/DefaultVisitedTree$VisitedTreeComparator
instanceKlass org/gradle/api/internal/file/BufferedStreamingHasher
instanceKlass org/gradle/api/internal/changedetection/state/DefaultVisitedTree
instanceKlass org/gradle/api/tasks/util/internal/CachingPatternSpecFactory$CachingSpec$1
instanceKlass org/gradle/api/tasks/util/internal/CachingPatternSpecFactory$CacheKey
instanceKlass org/gradle/api/internal/changedetection/state/CachingTreeVisitor$2
instanceKlass org/gradle/api/internal/changedetection/state/AbstractFileCollectionSnapshotter$DefaultFileCollectionSnapshotPreCheck
instanceKlass org/gradle/api/internal/changedetection/state/OutputFilesCollectionSnapshotter$OutputFileCollectionSnapshotPreCheck
instanceKlass org/gradle/api/internal/changedetection/rules/AbstractFileSnapshotTaskStateChanges
instanceKlass org/gradle/util/ChangeListener
instanceKlass org/gradle/api/internal/changedetection/rules/SimpleTaskStateChanges
instanceKlass org/gradle/api/internal/changedetection/rules/DiscoveredInputsListener
instanceKlass org/gradle/api/internal/changedetection/rules/TaskStateChanges
instanceKlass org/gradle/api/internal/changedetection/rules/TaskUpToDateState
instanceKlass org/gradle/api/internal/changedetection/state/CacheBackedTaskHistoryRepository$1
instanceKlass org/gradle/api/internal/changedetection/state/InputPropertiesSerializer
instanceKlass org/gradle/api/internal/changedetection/state/CacheBackedTaskHistoryRepository$LazyTaskExecution$TaskHistorySerializer
instanceKlass org/gradle/api/internal/changedetection/state/CacheBackedTaskHistoryRepository$TaskHistory
instanceKlass org/gradle/cache/internal/btree/FreeListBlockStore$FreeListEntry
instanceKlass org/gradle/api/internal/changedetection/state/CacheBackedTaskHistoryRepository$2
instanceKlass org/gradle/api/internal/changedetection/changes/DefaultTaskArtifactStateRepository$TaskArtifactStateImpl
instanceKlass com/google/wireless/android/sdk/stats/AndroidStudioStats$InstantRunArtifactOrBuilder
instanceKlass com/google/wireless/android/sdk/stats/AndroidStudioStats$LLDBFrontendDetailsOrBuilder
instanceKlass com/google/wireless/android/sdk/stats/AndroidStudioStats$FirebaseErrorDetailsOrBuilder
instanceKlass com/google/wireless/android/sdk/stats/AndroidStudioStats$GfxTracingDetailsOrBuilder
instanceKlass com/google/wireless/android/sdk/stats/AndroidStudioStats$TestRecorderDetailsOrBuilder
instanceKlass com/google/wireless/android/sdk/stats/AndroidStudioStats$UIActionStatsOrBuilder
instanceKlass com/google/wireless/android/sdk/stats/AndroidStudioStats$MachineDetailsOrBuilder
instanceKlass com/google/wireless/android/sdk/stats/AndroidStudioStats$DisplayDetailsOrBuilder
instanceKlass com/google/wireless/android/sdk/stats/AndroidStudioStats$JavaProcessStatsOrBuilder
instanceKlass com/google/wireless/android/sdk/stats/AndroidStudioStats$GarbageCollectionStatsOrBuilder
instanceKlass com/google/wireless/android/sdk/stats/AndroidStudioStats$JvmDetailsOrBuilder
instanceKlass com/google/wireless/android/sdk/stats/AndroidStudioStats
instanceKlass com/google/protobuf/Descriptors$EnumDescriptor
instanceKlass com/google/protobuf/Descriptors$EnumValueDescriptor
instanceKlass com/google/protobuf/Descriptors$GenericDescriptor
instanceKlass com/google/common/base/Ascii
instanceKlass com/android/build/gradle/internal/incremental/InstantRunBuildContext$Artifact
instanceKlass java/util/Collections$EmptyEnumeration
instanceKlass org/gradle/internal/logging/compatbridge/LoggingManagerInternalCompatibilityBridge
instanceKlass org/gradle/api/internal/changedetection/changes/NoHistoryArtifactState
instanceKlass org/gradle/api/internal/TaskExecutionHistory
instanceKlass org/gradle/api/internal/tasks/execution/DefaultTaskExecutionContext
instanceKlass org/gradle/internal/logging/events/StyledTextOutputEvent$Span
instanceKlass org/gradle/tooling/internal/provider/events/DefaultTaskDescriptor
instanceKlass org/gradle/tooling/internal/protocol/events/InternalTaskDescriptor
instanceKlass org/gradle/internal/progress/OperationIdGenerator
instanceKlass org/gradle/execution/taskgraph/AbstractTaskPlanExecutor$TaskExecutorWorker
instanceKlass org/gradle/api/execution/TaskActionListener
instanceKlass org/gradle/api/internal/tasks/execution/ExecuteActionsTaskExecuter
instanceKlass org/gradle/api/internal/tasks/execution/PostExecutionAnalysisTaskExecuter
instanceKlass org/gradle/api/internal/tasks/execution/SkipUpToDateTaskExecuter
instanceKlass org/gradle/api/internal/tasks/execution/ValidatingTaskExecuter
instanceKlass org/gradle/api/internal/tasks/execution/SkipEmptySourceFilesTaskExecuter
instanceKlass org/gradle/api/internal/tasks/execution/SkipTaskWithNoActionsExecuter
instanceKlass org/gradle/api/internal/tasks/execution/SkipOnlyIfTaskExecuter
instanceKlass org/gradle/api/internal/tasks/execution/ExecuteAtMostOnceTaskExecuter
instanceKlass org/gradle/api/execution/internal/TaskInputsListener$1
instanceKlass org/gradle/api/execution/internal/TaskInputsListener
instanceKlass org/gradle/api/internal/changedetection/changes/DefaultTaskArtifactStateRepository
instanceKlass org/gradle/api/internal/changedetection/TaskArtifactState
instanceKlass org/gradle/api/internal/changedetection/changes/ShortCircuitTaskArtifactStateRepository
instanceKlass org/gradle/api/internal/changedetection/state/CacheBackedTaskHistoryRepository$TaskHistorySerializer
instanceKlass org/gradle/api/internal/changedetection/state/CacheBackedFileSnapshotRepository
instanceKlass org/gradle/api/internal/changedetection/state/TaskHistoryRepository$History
instanceKlass org/gradle/api/internal/changedetection/state/TaskExecution
instanceKlass org/gradle/api/internal/changedetection/state/CacheBackedTaskHistoryRepository
instanceKlass org/gradle/api/internal/changedetection/state/OutputFilesSnapshotSerializer
instanceKlass org/gradle/api/internal/changedetection/state/OutputFilesCollectionSnapshotter$OutputFilesSnapshot
instanceKlass org/gradle/api/internal/changedetection/state/DefaultFileSnapshotterSerializer
instanceKlass org/gradle/api/internal/changedetection/state/FileCollectionSnapshotImpl
instanceKlass org/gradle/api/internal/changedetection/state/OutputFilesCollectionSnapshotter
instanceKlass org/gradle/api/internal/changedetection/state/VisitedTreesPreCheckHasher
instanceKlass org/gradle/api/internal/changedetection/state/FileCollectionSnapshot
instanceKlass org/gradle/api/internal/changedetection/state/FileCollectionSnapshot$PreCheck
instanceKlass org/gradle/api/internal/changedetection/state/AbstractFileCollectionSnapshotter
instanceKlass org/gradle/api/internal/changedetection/state/TreeSnapshotRepository$LongSerializer
instanceKlass org/gradle/api/internal/changedetection/state/MissingFileSnapshot
instanceKlass org/gradle/api/internal/changedetection/state/DirSnapshot
instanceKlass org/gradle/api/internal/changedetection/state/IncrementalFileSnapshot
instanceKlass org/gradle/api/internal/changedetection/state/IncrementalFileSnapshotSerializer
instanceKlass org/gradle/api/internal/changedetection/state/TreeSnapshot
instanceKlass org/gradle/api/internal/changedetection/state/TreeSnapshotSerializer
instanceKlass org/gradle/api/internal/changedetection/state/InMemoryTaskArtifactCache$1
instanceKlass org/gradle/api/internal/changedetection/state/InMemoryTaskArtifactCache$LoggingEvictionListener
instanceKlass org/gradle/api/internal/changedetection/state/DefaultTaskArtifactStateCacheAccess
instanceKlass org/gradle/api/internal/changedetection/state/InMemoryTaskArtifactCache$CacheCapSizer
instanceKlass org/gradle/execution/taskgraph/DefaultTaskGraphExecuter$EventFiringTaskWorker
instanceKlass com/google/common/collect/SortedIterables
instanceKlass com/android/builder/internal/compiler/DxDexKey$$Lambda$164
instanceKlass com/android/builder/internal/compiler/PreProcessCache$KeyFactory
instanceKlass java/lang/invoke/LambdaForm$DMH
instanceKlass com/android/builder/internal/compiler/PreProcessCache$StoredItem
instanceKlass com/sun/org/apache/xerces/internal/dom/CharacterDataImpl$1
instanceKlass com/sun/org/apache/xerces/internal/dom/NamedNodeMapImpl
instanceKlass com/sun/org/apache/xerces/internal/dom/DeferredDocumentImpl$RefCount
instanceKlass com/sun/org/apache/xerces/internal/dom/NodeListCache
instanceKlass com/sun/org/apache/xerces/internal/dom/NodeImpl
instanceKlass com/sun/org/apache/xerces/internal/dom/DeferredNode
instanceKlass com/google/common/io/ByteArrayDataInput
instanceKlass com/google/common/io/ByteArrayDataOutput
instanceKlass com/google/common/io/ByteStreams
instanceKlass com/google/common/io/Closer$SuppressingSuppressor
instanceKlass com/google/common/io/Closer$Suppressor
instanceKlass com/google/common/io/Closer
instanceKlass com/google/common/io/CharSource
instanceKlass com/android/utils/XmlUtils
instanceKlass com/android/builder/internal/compiler/PreProcessCache$Key
instanceKlass com/android/builder/internal/compiler/PreProcessCache$BaseItem
instanceKlass com/android/builder/internal/compiler/PreProcessCache
instanceKlass org/gradle/internal/progress/PercentageProgressFormatter
instanceKlass org/gradle/execution/taskgraph/DefaultTaskExecutionPlan$2
instanceKlass org/gradle/execution/taskgraph/DefaultTaskExecutionPlan$TaskInfoInVisitingSegment
instanceKlass org/gradle/execution/taskgraph/DefaultTaskExecutionPlan$1
instanceKlass org/gradle/execution/taskgraph/DefaultTaskGraphExecuter$1
instanceKlass org/gradle/execution/SelectedTaskExecutionAction$BindAllReferencesOfProjectsToExecuteListener
instanceKlass org/gradle/execution/DefaultBuildExecuter$1
instanceKlass org/gradle/initialization/DefaultGradleLauncher$4
instanceKlass com/google/common/collect/TransformedIterator
instanceKlass com/android/build/gradle/internal/transforms/InstantRunTransform$$Lambda$163
instanceKlass com/google/common/base/Verify
instanceKlass java/util/stream/StreamSpliterators$WrappingSpliterator$$Lambda$162
instanceKlass java/lang/invoke/LambdaForm$DMH
instanceKlass java/util/stream/StreamSpliterators$AbstractWrappingSpliterator
instanceKlass java/util/stream/AbstractPipeline$$Lambda$161
instanceKlass com/android/build/gradle/internal/pipeline/TransformTask$$Lambda$160
instanceKlass com/android/build/api/transform/SecondaryFile
instanceKlass java/util/stream/Streams$2
instanceKlass java/util/stream/Streams
instanceKlass java/util/stream/Streams$ConcatSpliterator
instanceKlass com/android/build/api/transform/DirectoryInput
instanceKlass com/android/build/gradle/internal/pipeline/IntermediateFolderUtils$2
instanceKlass com/android/build/gradle/internal/pipeline/ImmutableTransformInput
instanceKlass com/android/build/gradle/internal/pipeline/QualifiedContentImpl
instanceKlass com/android/build/api/transform/JarInput
instanceKlass com/android/build/gradle/internal/pipeline/IntermediateFolderUtils$$Lambda$159
instanceKlass com/android/build/gradle/internal/pipeline/IntermediateFolderUtils$$Lambda$158
instanceKlass com/android/build/gradle/internal/pipeline/IntermediateFolderUtils$$Lambda$157
instanceKlass com/android/build/gradle/internal/pipeline/IntermediateFolderUtils$1
instanceKlass com/android/build/gradle/internal/pipeline/IntermediateFolderUtils$InputGenerator
instanceKlass com/android/build/gradle/internal/pipeline/IntermediateFolderUtils
instanceKlass org/gradle/api/internal/file/collections/BuildDependenciesOnlyFileCollectionResolveContext
instanceKlass org/gradle/api/internal/tasks/CachingTaskDependencyResolveContext$TaskGraphImpl
instanceKlass org/gradle/api/internal/tasks/CachingTaskDependencyResolveContext
instanceKlass org/gradle/execution/taskgraph/TaskInfo
instanceKlass org/gradle/execution/TaskSelector$TaskSelection
instanceKlass org/gradle/execution/TaskNameResolver$1
instanceKlass org/gradle/model/internal/core/NodeBackedModelMap$9
instanceKlass org/gradle/model/internal/core/DefaultModelViewState$1
instanceKlass org/gradle/model/internal/core/DeferredModelAction
instanceKlass org/gradle/model/internal/core/DefaultModelViewState
instanceKlass org/gradle/model/internal/core/NodeBackedModelMap$2
instanceKlass org/gradle/model/internal/manage/schema/extract/FactoryBasedStructNodeInitializerExtractionStrategy
instanceKlass org/gradle/api/artifacts/component/LibraryBinaryIdentifier
instanceKlass org/gradle/platform/base/internal/BinaryBuildAbility
instanceKlass org/gradle/model/internal/typeregistration/BaseInstanceFactory$InternalViewRegistration
instanceKlass org/gradle/model/internal/typeregistration/BaseInstanceFactory$ImplementationRegistration
instanceKlass org/gradle/platform/base/component/internal/DefaultComponentSpec$ComponentInfo
instanceKlass org/gradle/model/internal/typeregistration/BaseInstanceFactory$TypeRegistrationBuilderImpl
instanceKlass org/gradle/model/internal/typeregistration/BaseInstanceFactory$TypeRegistration
instanceKlass org/gradle/platform/base/internal/registry/DefaultTypeBuilder
instanceKlass org/gradle/platform/base/component/internal/ComponentSpecFactory$3
instanceKlass org/gradle/language/base/internal/LanguageSourceSetInternal
instanceKlass org/gradle/platform/base/component/internal/ComponentSpecFactory$2
instanceKlass org/gradle/platform/base/component/internal/ComponentSpecFactory$1
instanceKlass org/gradle/platform/base/component/internal/AbstractComponentSpec
instanceKlass org/gradle/platform/base/internal/ComponentSpecInternal
instanceKlass org/gradle/model/internal/typeregistration/BaseInstanceFactory$ImplementationFactory
instanceKlass org/gradle/platform/base/internal/ComponentSpecIdentifier
instanceKlass org/gradle/model/internal/typeregistration/BaseInstanceFactory$TypeRegistrationBuilder
instanceKlass org/gradle/model/internal/typeregistration/InstanceFactory$ImplementationInfo
instanceKlass org/gradle/model/internal/manage/schema/extract/ManagedImplStructNodeInitializerExtractionStrategy
instanceKlass org/gradle/model/internal/manage/schema/extract/CollectionNodeInitializerExtractionSupport
instanceKlass org/gradle/model/internal/core/DefaultNodeInitializerRegistry
instanceKlass org/gradle/model/internal/inspect/DefaultModelRuleInvoker
instanceKlass org/gradle/model/internal/core/SpecializedModelMapProjection
instanceKlass org/gradle/model/internal/core/ChildNodeInitializerStrategyAccessors$1
instanceKlass com/android/build/gradle/internal/api/BaseVariantOutputImpl
instanceKlass com/android/build/gradle/api/ApkVariantOutput
instanceKlass com/android/build/gradle/api/BaseVariantOutput
instanceKlass com/android/build/gradle/internal/ApiObjectFactory
instanceKlass com/android/build/gradle/internal/tasks/SigningReportTask$SigningInfo
instanceKlass com/android/build/gradle/internal/TaskManager$$Lambda$156
instanceKlass com/android/build/gradle/internal/TaskManager$$Lambda$155
instanceKlass com/android/build/gradle/internal/TaskManager$$Lambda$154
instanceKlass com/android/build/gradle/internal/tasks/DeviceProviderInstrumentTestTask$ConfigAction$5
instanceKlass org/gradle/api/internal/AbstractTask$9
instanceKlass com/android/build/gradle/internal/tasks/DeviceProviderInstrumentTestTask$ConfigAction$4
instanceKlass com/android/build/gradle/internal/tasks/DeviceProviderInstrumentTestTask$ConfigAction$3
instanceKlass com/android/build/gradle/internal/tasks/DeviceProviderInstrumentTestTask$ConfigAction$2
instanceKlass com/android/build/gradle/internal/tasks/DeviceProviderInstrumentTestTask$ConfigAction$1
instanceKlass com/android/builder/testing/TestRunner
instanceKlass com/android/build/gradle/internal/tasks/AndroidTestTask
instanceKlass com/android/build/gradle/internal/tasks/DeviceProviderInstrumentTestTask$ConfigAction
instanceKlass org/gradle/internal/service/scopes/ProjectScopeServices$4
instanceKlass org/gradle/api/internal/component/SoftwareComponentInternal
instanceKlass org/gradle/api/internal/artifacts/dsl/DefaultArtifactHandler
instanceKlass org/gradle/api/internal/artifacts/dsl/PublishArtifactNotationParserFactory
instanceKlass org/gradle/api/internal/file/ant/BaseDirSelector
instanceKlass org/apache/tools/ant/types/selectors/FileSelector
instanceKlass groovy/util/AntBuilderLocator
instanceKlass org/apache/tools/ant/DefaultDefinitions
instanceKlass org/apache/tools/ant/TypeAdapter
instanceKlass org/apache/tools/ant/AntTypeDefinition
instanceKlass org/apache/tools/ant/property/ParseProperties
instanceKlass org/apache/tools/ant/property/ParseNextProperty
instanceKlass org/apache/tools/ant/ComponentHelper
instanceKlass java/text/StringCharacterIterator
instanceKlass java/text/CharacterIterator
instanceKlass org/apache/tools/ant/launch/Locator
instanceKlass org/apache/tools/ant/Main$1
instanceKlass org/apache/tools/ant/Main
instanceKlass org/apache/tools/ant/launch/AntMain
instanceKlass org/apache/tools/ant/PropertyHelper$PropertySetter
instanceKlass org/apache/tools/ant/PropertyHelper$4
instanceKlass org/apache/tools/ant/PropertyHelper$3
instanceKlass org/apache/tools/ant/PropertyHelper$2
instanceKlass org/apache/tools/ant/PropertyHelper$1
instanceKlass org/apache/tools/ant/property/PropertyExpander
instanceKlass org/apache/tools/ant/PropertyHelper$PropertyEvaluator
instanceKlass org/apache/tools/ant/PropertyHelper$Delegate
instanceKlass org/apache/tools/ant/PropertyHelper
instanceKlass org/apache/tools/ant/property/GetProperty
instanceKlass java/net/CookieStore
instanceKlass java/lang/StrictMath
instanceKlass org/apache/tools/ant/util/JavaEnvUtils
instanceKlass org/apache/tools/ant/DefaultLogger
instanceKlass org/apache/tools/ant/util/StringUtils
instanceKlass org/apache/tools/ant/ProjectHelperRepository$ConstructingIterator
instanceKlass org/apache/tools/ant/helper/ProjectHelper2$AntHandler
instanceKlass org/apache/tools/ant/util/LoaderUtils
instanceKlass org/apache/tools/ant/ProjectHelperRepository
instanceKlass org/apache/tools/ant/ProjectHelper
instanceKlass org/apache/tools/ant/input/DefaultInputHandler
instanceKlass org/apache/tools/ant/types/FilterSetCollection
instanceKlass org/gradle/api/internal/project/ant/AntLoggingAdapter
instanceKlass org/gradle/api/internal/project/ant/DefaultAntLoggingAdapterFactory
instanceKlass org/gradle/api/internal/project/DefaultAntBuilderFactory
instanceKlass org/gradle/api/internal/project/AbstractProject$4
instanceKlass com/android/build/gradle/internal/test/AbstractTestDataImpl
instanceKlass com/android/build/gradle/internal/TaskManager$$Lambda$153
instanceKlass com/android/build/gradle/internal/variant/TestVariantData$1
instanceKlass proguard/ClassPath
instanceKlass proguard/Configuration
instanceKlass com/android/builder/internal/aapt/Aapt
instanceKlass com/android/ide/common/res2/QueueableResourceCompiler
instanceKlass com/android/ide/common/res2/ResourceCompiler
instanceKlass com/android/build/gradle/tasks/ProcessTestManifest$ConfigAction$$Lambda$152
instanceKlass com/android/build/gradle/tasks/ProcessTestManifest$ConfigAction$$Lambda$151
instanceKlass com/android/build/gradle/tasks/ProcessTestManifest$ConfigAction$$Lambda$150
instanceKlass com/android/build/gradle/tasks/ProcessTestManifest$ConfigAction$$Lambda$149
instanceKlass com/android/build/gradle/tasks/ProcessTestManifest$ConfigAction$$Lambda$148
instanceKlass com/android/build/gradle/tasks/ProcessTestManifest$ConfigAction$$Lambda$147
instanceKlass com/android/build/gradle/tasks/ProcessTestManifest$ConfigAction$$Lambda$146
instanceKlass com/android/build/gradle/tasks/ProcessTestManifest$ConfigAction$$Lambda$145
instanceKlass com/android/build/gradle/tasks/ProcessTestManifest$ConfigAction$$Lambda$144
instanceKlass com/android/build/gradle/tasks/ProcessTestManifest$ConfigAction
instanceKlass org/gradle/api/internal/artifacts/ivyservice/resolveengine/excludes/ModuleExcludeRuleFilters$1
instanceKlass com/android/build/gradle/internal/TaskManager$$Lambda$143
instanceKlass com/android/build/gradle/internal/TaskManager$$Lambda$142
instanceKlass java/lang/invoke/LambdaForm$MH
instanceKlass com/android/build/gradle/tasks/factory/AndroidUnitTest$ConfigAction$$Lambda$141
instanceKlass org/gradle/api/plugins/JavaBasePlugin$18
instanceKlass org/gradle/api/plugins/JavaBasePlugin$17
instanceKlass org/gradle/api/plugins/JavaBasePlugin$16
instanceKlass org/gradle/api/tasks/testing/Test$1
instanceKlass org/gradle/api/internal/tasks/testing/filter/DefaultTestFilter
instanceKlass org/gradle/api/reporting/internal/DefaultReportContainer$2
instanceKlass org/gradle/api/reporting/internal/DefaultReportContainer$1
instanceKlass org/gradle/api/reporting/Report$1
instanceKlass org/gradle/api/reporting/internal/TaskReportContainer$3
instanceKlass org/gradle/api/reporting/internal/TaskReportContainer$2
instanceKlass org/gradle/api/reporting/internal/TaskReportContainer$1
instanceKlass org/gradle/api/internal/tasks/testing/logging/DefaultTestLogging
instanceKlass org/gradle/api/internal/tasks/testing/logging/DefaultTestLoggingContainer
instanceKlass org/gradle/process/internal/JvmOptions
instanceKlass org/gradle/api/internal/file/AbstractFileResolver$2
instanceKlass org/gradle/process/internal/DefaultProcessForkOptions
instanceKlass org/gradle/api/internal/tasks/testing/TestCompleteEvent
instanceKlass org/gradle/api/tasks/testing/TestResult
instanceKlass org/gradle/api/internal/tasks/testing/TestStartEvent
instanceKlass org/gradle/api/tasks/testing/TestOutputEvent
instanceKlass org/gradle/api/internal/tasks/testing/TestDescriptorInternal
instanceKlass org/gradle/api/tasks/testing/TestDescriptor
instanceKlass org/gradle/api/internal/tasks/options/Option
instanceKlass org/gradle/api/tasks/testing/logging/TestLoggingContainer
instanceKlass org/gradle/api/tasks/testing/logging/TestLogging
instanceKlass org/gradle/api/tasks/testing/TestFrameworkOptions
instanceKlass org/gradle/api/tasks/testing/TestFilter
instanceKlass org/gradle/api/reporting/internal/SimpleReport
instanceKlass org/gradle/api/internal/tasks/testing/logging/TestExceptionFormatter
instanceKlass org/gradle/api/internal/tasks/testing/junit/result/TestResultsProvider
instanceKlass org/gradle/api/tasks/testing/JUnitXmlReport
instanceKlass org/gradle/api/reporting/DirectoryReport
instanceKlass org/gradle/api/internal/tasks/testing/junit/report/TestReporter
instanceKlass org/gradle/api/internal/tasks/testing/TestResultProcessor
instanceKlass org/gradle/api/internal/tasks/testing/detection/TestExecuter
instanceKlass org/gradle/api/tasks/testing/TestOutputListener
instanceKlass org/gradle/api/internal/tasks/testing/TestFramework
instanceKlass org/gradle/api/tasks/testing/TestTaskReports
instanceKlass org/gradle/api/reporting/ReportContainer
instanceKlass com/android/build/gradle/tasks/factory/AndroidUnitTest$ConfigAction$$Lambda$140
instanceKlass java/lang/invoke/LambdaForm$DMH
instanceKlass org/gradle/api/reporting/ConfigurableReport
instanceKlass org/gradle/api/reporting/Report
instanceKlass com/android/build/gradle/tasks/factory/AndroidUnitTest$ConfigAction
instanceKlass com/android/build/gradle/internal/TaskManager$$Lambda$139
instanceKlass com/android/build/gradle/internal/VariantManager$10
instanceKlass com/android/build/gradle/internal/TaskManager$$Lambda$138
instanceKlass com/android/build/gradle/tasks/Lint$ConfigAction
instanceKlass com/android/build/gradle/internal/TaskManager$$Lambda$137
instanceKlass com/android/build/gradle/internal/TaskManager$$Lambda$136
instanceKlass com/android/build/gradle/internal/tasks/UninstallTask$ConfigAction$1
instanceKlass com/android/build/gradle/internal/tasks/UninstallTask$1
instanceKlass com/android/build/gradle/internal/tasks/UninstallTask$ConfigAction
instanceKlass com/android/build/gradle/internal/tasks/InstallVariantTask$ConfigAction$2
instanceKlass android/databinding/tool/LayoutXmlProcessor
instanceKlass com/android/build/gradle/internal/tasks/InstallVariantTask$ConfigAction$1
instanceKlass com/android/build/gradle/internal/tasks/InstallVariantTask$1
instanceKlass com/android/builder/testing/api/DeviceConfigProvider
instanceKlass com/android/build/gradle/internal/tasks/InstallVariantTask$ConfigAction
instanceKlass com/android/build/gradle/internal/tasks/ValidateSigningTask$ConfigAction
instanceKlass com/android/build/gradle/internal/TaskManager$$Lambda$135
instanceKlass java/lang/invoke/LambdaForm$DMH
instanceKlass com/android/build/gradle/internal/pipeline/StreamFilter$$Lambda$134
instanceKlass com/android/build/gradle/internal/pipeline/StreamFilter$$Lambda$133
instanceKlass com/android/build/gradle/internal/pipeline/StreamFilter$$Lambda$132
instanceKlass java/lang/invoke/LambdaForm$DMH
instanceKlass com/android/build/gradle/internal/pipeline/StreamFilter
instanceKlass java/lang/invoke/LambdaForm$MH
instanceKlass com/android/build/gradle/internal/TaskManager$$Lambda$131
instanceKlass java/lang/invoke/LambdaForm$DMH
instanceKlass com/android/build/gradle/internal/TaskManager$$Lambda$130
instanceKlass java/lang/invoke/LambdaForm$BMH
instanceKlass com/android/build/gradle/tasks/PackageApplication$InstantRunResourcesConfigAction$$Lambda$129
instanceKlass com/android/build/gradle/tasks/PackageAndroidArtifact$ConfigAction$$Lambda$128
instanceKlass com/android/build/gradle/tasks/PackageAndroidArtifact$ConfigAction$$Lambda$127
instanceKlass com/android/build/gradle/tasks/PackageAndroidArtifact$ConfigAction$$Lambda$126
instanceKlass java/lang/invoke/LambdaForm$DMH
instanceKlass com/android/build/gradle/tasks/PackageAndroidArtifact$ConfigAction$$Lambda$125
instanceKlass com/android/build/gradle/tasks/PackageAndroidArtifact$ConfigAction$$Lambda$124
instanceKlass com/android/build/gradle/tasks/PackageAndroidArtifact$ConfigAction$$Lambda$123
instanceKlass com/android/build/gradle/tasks/PackageAndroidArtifact$ConfigAction$$Lambda$122
instanceKlass com/android/build/gradle/tasks/PackageAndroidArtifact$ConfigAction$$Lambda$121
instanceKlass com/android/build/gradle/tasks/PackageApplication$StandardConfigAction$$Lambda$120
instanceKlass com/android/build/gradle/internal/annotations/PackageFile
instanceKlass com/android/builder/internal/packaging/IncrementalPackager
instanceKlass com/android/builder/packaging/ApkCreatorFactory$CreationData
instanceKlass com/android/builder/files/FileCacheByPath
instanceKlass com/android/build/gradle/tasks/PackageAndroidArtifact$KnownFilesSaveData
instanceKlass com/android/build/gradle/tasks/PackageAndroidArtifact$ConfigAction
instanceKlass com/android/build/gradle/internal/scope/DefaultGradlePackagingScope
instanceKlass com/android/builder/internal/utils/FileCache
instanceKlass com/android/build/gradle/tasks/PreColdSwapTask$ConfigAction
instanceKlass com/android/build/gradle/internal/incremental/InstantRunPatchingPolicy$1
instanceKlass com/android/build/gradle/tasks/fd/GenerateInstantRunAppInfoTask$ConfigAction$$Lambda$119
instanceKlass com/android/build/gradle/tasks/fd/GenerateInstantRunAppInfoTask$ConfigAction
instanceKlass com/android/build/gradle/tasks/fd/FastDeployRuntimeExtractorTask$ConfigAction
instanceKlass com/android/build/gradle/tasks/CheckManifestInInstantRunMode$ConfigAction$$Lambda$118
instanceKlass com/android/build/gradle/tasks/CheckManifestInInstantRunMode$ConfigAction$$Lambda$117
instanceKlass com/android/build/gradle/tasks/CheckManifestInInstantRunMode$ConfigAction
instanceKlass com/android/build/gradle/internal/incremental/InstantRunVerifier$ClassBytesProvider
instanceKlass com/android/build/gradle/internal/incremental/InstantRunWrapperTask$ConfigAction
instanceKlass com/android/build/gradle/internal/incremental/BuildInfoLoaderTask$ConfigAction
instanceKlass com/android/build/gradle/internal/TaskManager$5
instanceKlass com/android/build/gradle/internal/TaskManager$4
instanceKlass com/android/build/gradle/internal/TaskManager$$Lambda$116
instanceKlass com/android/build/gradle/internal/InstantRunTaskManager
instanceKlass com/android/build/gradle/internal/incremental/InstantRunAnchorTaskConfigAction
instanceKlass org/gradle/api/plugins/BasePlugin$1$4
instanceKlass org/gradle/api/plugins/BasePlugin$1$3
instanceKlass org/gradle/api/file/FileCopyDetails
instanceKlass org/gradle/jvm/tasks/Jar$2
instanceKlass org/gradle/jvm/tasks/Jar$1
instanceKlass org/gradle/api/java/archives/internal/DefaultAttributes
instanceKlass org/gradle/api/java/archives/Attributes
instanceKlass org/gradle/api/java/archives/internal/DefaultManifest
instanceKlass org/gradle/api/java/archives/internal/ManifestInternal
instanceKlass com/android/build/gradle/tasks/BinaryFileProviderTask$Artifact
instanceKlass org/gradle/api/internal/file/copy/ZipCompressor
instanceKlass org/gradle/api/internal/file/archive/compression/ArchiveOutputStreamFactory
instanceKlass com/android/build/gradle/tasks/BinaryFileProviderTask
instanceKlass com/android/build/gradle/tasks/AndroidJarTask$JarClassesConfigAction
instanceKlass org/gradle/api/internal/AbstractTask$12
instanceKlass com/android/build/gradle/tasks/factory/JavaCompileConfigAction$$Lambda$115
instanceKlass org/gradle/api/internal/plugins/PluginManagerInternal$PluginWithId
instanceKlass com/android/build/gradle/tasks/factory/AbstractCompilesUtil
instanceKlass com/android/build/gradle/tasks/factory/JavaCompileConfigAction$1
instanceKlass com/android/builder/core/BootClasspathBuilder$$Lambda$114
instanceKlass java/lang/invoke/LambdaForm$DMH
instanceKlass com/android/builder/core/BootClasspathBuilder
instanceKlass java/util/stream/Collectors$$Lambda$113
instanceKlass java/util/stream/Collectors$$Lambda$112
instanceKlass java/util/stream/Collectors$$Lambda$111
instanceKlass com/android/build/gradle/internal/api/DefaultAndroidSourceDirectorySet$$Lambda$110
instanceKlass org/gradle/api/plugins/JavaBasePlugin$10$1
instanceKlass org/gradle/api/plugins/JavaBasePlugin$9$2
instanceKlass org/gradle/api/plugins/JavaBasePlugin$9$1
instanceKlass org/gradle/api/tasks/compile/AbstractOptions
